<?xml version="1.0" encoding="UTF-8" ?>
<testsuite tests="10" failures="0" name="Runner.TestRunner" time="30.212" errors="0" skipped="0">
  <properties>
    <property name="idea.version" value="2017.1.5"/>
    <property name="java.runtime.name" value="Java(TM) SE Runtime Environment"/>
    <property name="sun.boot.library.path" value="/Library/Java/JavaVirtualMachines/jdk1.8.0_171.jdk/Contents/Home/jre/lib"/>
    <property name="java.vm.version" value="25.171-b11"/>
    <property name="gopherProxySet" value="false"/>
    <property name="java.vm.vendor" value="Oracle Corporation"/>
    <property name="java.vendor.url" value="http://java.oracle.com/"/>
    <property name="path.separator" value=":"/>
    <property name="java.vm.name" value="Java HotSpot(TM) 64-Bit Server VM"/>
    <property name="file.encoding.pkg" value="sun.io"/>
    <property name="user.country" value="GB"/>
    <property name="sun.java.launcher" value="SUN_STANDARD"/>
    <property name="sun.os.patch.level" value="unknown"/>
    <property name="java.vm.specification.name" value="Java Virtual Machine Specification"/>
    <property name="user.dir" value="/Users/tharanibabu/Desktop/Radha/GamesysFrontendTest/GamesysFrontendTest"/>
    <property name="java.runtime.version" value="1.8.0_171-b11"/>
    <property name="java.awt.graphicsenv" value="sun.awt.CGraphicsEnvironment"/>
    <property name="basedir" value="/Users/tharanibabu/Desktop/Radha/GamesysFrontendTest/GamesysFrontendTest"/>
    <property name="java.endorsed.dirs" value="/Library/Java/JavaVirtualMachines/jdk1.8.0_171.jdk/Contents/Home/jre/lib/endorsed"/>
    <property name="os.arch" value="x86_64"/>
    <property name="surefire.real.class.path" value="/Users/tharanibabu/Desktop/Radha/GamesysFrontendTest/GamesysFrontendTest/target/surefire/surefirebooter3280141591241189278.jar"/>
    <property name="java.io.tmpdir" value="/var/folders/q4/3_3qz3fx16qbn0k5p36f1phc0000gn/T/"/>
    <property name="line.separator" value="
"/>
    <property name="java.vm.specification.vendor" value="Oracle Corporation"/>
    <property name="os.name" value="Mac OS X"/>
    <property name="sun.jnu.encoding" value="UTF-8"/>
    <property name="java.library.path" value="/Users/tharanibabu/Library/Java/Extensions:/Library/Java/Extensions:/Network/Library/Java/Extensions:/System/Library/Java/Extensions:/usr/lib/java:."/>
    <property name="surefire.test.class.path" value="/Users/tharanibabu/Desktop/Radha/GamesysFrontendTest/GamesysFrontendTest/target/test-classes:/Users/tharanibabu/Desktop/Radha/GamesysFrontendTest/GamesysFrontendTest/target/classes:/Users/tharanibabu/.m2/repository/info/cukes/cucumber-java/1.2.5/cucumber-java-1.2.5.jar:/Users/tharanibabu/.m2/repository/info/cukes/cucumber-junit/1.2.5/cucumber-junit-1.2.5.jar:/Users/tharanibabu/.m2/repository/junit/junit/4.12/junit-4.12.jar:/Users/tharanibabu/.m2/repository/org/hamcrest/hamcrest-core/1.3/hamcrest-core-1.3.jar:/Users/tharanibabu/.m2/repository/info/cukes/cucumber-core/1.2.5/cucumber-core-1.2.5.jar:/Users/tharanibabu/.m2/repository/info/cukes/cucumber-html/0.2.3/cucumber-html-0.2.3.jar:/Users/tharanibabu/.m2/repository/info/cukes/cucumber-jvm-deps/1.0.5/cucumber-jvm-deps-1.0.5.jar:/Users/tharanibabu/.m2/repository/info/cukes/gherkin/2.12.2/gherkin-2.12.2.jar:/Users/tharanibabu/.m2/repository/io/cucumber/gherkin/6.0.14/gherkin-6.0.14.jar:/Users/tharanibabu/.m2/repository/io/cucumber/messages/1.0.4/messages-1.0.4.jar:/Users/tharanibabu/.m2/repository/org/seleniumhq/selenium/selenium-java/3.141.59/selenium-java-3.141.59.jar:/Users/tharanibabu/.m2/repository/org/seleniumhq/selenium/selenium-edge-driver/3.141.59/selenium-edge-driver-3.141.59.jar:/Users/tharanibabu/.m2/repository/org/seleniumhq/selenium/selenium-ie-driver/3.141.59/selenium-ie-driver-3.141.59.jar:/Users/tharanibabu/.m2/repository/org/seleniumhq/selenium/selenium-opera-driver/3.141.59/selenium-opera-driver-3.141.59.jar:/Users/tharanibabu/.m2/repository/org/seleniumhq/selenium/selenium-remote-driver/3.141.59/selenium-remote-driver-3.141.59.jar:/Users/tharanibabu/.m2/repository/org/seleniumhq/selenium/selenium-safari-driver/3.141.59/selenium-safari-driver-3.141.59.jar:/Users/tharanibabu/.m2/repository/org/seleniumhq/selenium/selenium-support/3.141.59/selenium-support-3.141.59.jar:/Users/tharanibabu/.m2/repository/net/bytebuddy/byte-buddy/1.8.15/byte-buddy-1.8.15.jar:/Users/tharanibabu/.m2/repository/org/apache/commons/commons-exec/1.3/commons-exec-1.3.jar:/Users/tharanibabu/.m2/repository/com/google/guava/guava/25.0-jre/guava-25.0-jre.jar:/Users/tharanibabu/.m2/repository/com/google/code/findbugs/jsr305/1.3.9/jsr305-1.3.9.jar:/Users/tharanibabu/.m2/repository/org/checkerframework/checker-compat-qual/2.0.0/checker-compat-qual-2.0.0.jar:/Users/tharanibabu/.m2/repository/com/google/errorprone/error_prone_annotations/2.1.3/error_prone_annotations-2.1.3.jar:/Users/tharanibabu/.m2/repository/com/google/j2objc/j2objc-annotations/1.1/j2objc-annotations-1.1.jar:/Users/tharanibabu/.m2/repository/org/codehaus/mojo/animal-sniffer-annotations/1.14/animal-sniffer-annotations-1.14.jar:/Users/tharanibabu/.m2/repository/com/squareup/okhttp3/okhttp/3.11.0/okhttp-3.11.0.jar:/Users/tharanibabu/.m2/repository/com/squareup/okio/okio/1.14.0/okio-1.14.0.jar:/Users/tharanibabu/.m2/repository/org/seleniumhq/selenium/selenium-api/3.141.59/selenium-api-3.141.59.jar:/Users/tharanibabu/.m2/repository/org/seleniumhq/selenium/selenium-firefox-driver/3.141.59/selenium-firefox-driver-3.141.59.jar:/Users/tharanibabu/.m2/repository/org/seleniumhq/selenium/selenium-chrome-driver/3.141.59/selenium-chrome-driver-3.141.59.jar:/Users/tharanibabu/.m2/repository/commons-io/commons-io/1.3.2/commons-io-1.3.2.jar:/Users/tharanibabu/.m2/repository/org/slf4j/slf4j-api/1.7.5/slf4j-api-1.7.5.jar:/Users/tharanibabu/.m2/repository/ch/qos/logback/logback-classic/1.0.13/logback-classic-1.0.13.jar:/Users/tharanibabu/.m2/repository/ch/qos/logback/logback-core/1.0.13/logback-core-1.0.13.jar:"/>
    <property name="java.specification.name" value="Java Platform API Specification"/>
    <property name="java.class.version" value="52.0"/>
    <property name="sun.management.compiler" value="HotSpot 64-Bit Tiered Compilers"/>
    <property name="os.version" value="10.14"/>
    <property name="http.nonProxyHosts" value="local|*.local|169.254/16|*.169.254/16"/>
    <property name="user.home" value="/Users/tharanibabu"/>
    <property name="user.timezone" value="Europe/London"/>
    <property name="java.awt.printerjob" value="sun.lwawt.macosx.CPrinterJob"/>
    <property name="java.specification.version" value="1.8"/>
    <property name="file.encoding" value="UTF-8"/>
    <property name="user.name" value="tharanibabu"/>
    <property name="java.class.path" value="/Users/tharanibabu/Desktop/Radha/GamesysFrontendTest/GamesysFrontendTest/target/test-classes:/Users/tharanibabu/Desktop/Radha/GamesysFrontendTest/GamesysFrontendTest/target/classes:/Users/tharanibabu/.m2/repository/info/cukes/cucumber-java/1.2.5/cucumber-java-1.2.5.jar:/Users/tharanibabu/.m2/repository/info/cukes/cucumber-junit/1.2.5/cucumber-junit-1.2.5.jar:/Users/tharanibabu/.m2/repository/junit/junit/4.12/junit-4.12.jar:/Users/tharanibabu/.m2/repository/org/hamcrest/hamcrest-core/1.3/hamcrest-core-1.3.jar:/Users/tharanibabu/.m2/repository/info/cukes/cucumber-core/1.2.5/cucumber-core-1.2.5.jar:/Users/tharanibabu/.m2/repository/info/cukes/cucumber-html/0.2.3/cucumber-html-0.2.3.jar:/Users/tharanibabu/.m2/repository/info/cukes/cucumber-jvm-deps/1.0.5/cucumber-jvm-deps-1.0.5.jar:/Users/tharanibabu/.m2/repository/info/cukes/gherkin/2.12.2/gherkin-2.12.2.jar:/Users/tharanibabu/.m2/repository/io/cucumber/gherkin/6.0.14/gherkin-6.0.14.jar:/Users/tharanibabu/.m2/repository/io/cucumber/messages/1.0.4/messages-1.0.4.jar:/Users/tharanibabu/.m2/repository/org/seleniumhq/selenium/selenium-java/3.141.59/selenium-java-3.141.59.jar:/Users/tharanibabu/.m2/repository/org/seleniumhq/selenium/selenium-edge-driver/3.141.59/selenium-edge-driver-3.141.59.jar:/Users/tharanibabu/.m2/repository/org/seleniumhq/selenium/selenium-ie-driver/3.141.59/selenium-ie-driver-3.141.59.jar:/Users/tharanibabu/.m2/repository/org/seleniumhq/selenium/selenium-opera-driver/3.141.59/selenium-opera-driver-3.141.59.jar:/Users/tharanibabu/.m2/repository/org/seleniumhq/selenium/selenium-remote-driver/3.141.59/selenium-remote-driver-3.141.59.jar:/Users/tharanibabu/.m2/repository/org/seleniumhq/selenium/selenium-safari-driver/3.141.59/selenium-safari-driver-3.141.59.jar:/Users/tharanibabu/.m2/repository/org/seleniumhq/selenium/selenium-support/3.141.59/selenium-support-3.141.59.jar:/Users/tharanibabu/.m2/repository/net/bytebuddy/byte-buddy/1.8.15/byte-buddy-1.8.15.jar:/Users/tharanibabu/.m2/repository/org/apache/commons/commons-exec/1.3/commons-exec-1.3.jar:/Users/tharanibabu/.m2/repository/com/google/guava/guava/25.0-jre/guava-25.0-jre.jar:/Users/tharanibabu/.m2/repository/com/google/code/findbugs/jsr305/1.3.9/jsr305-1.3.9.jar:/Users/tharanibabu/.m2/repository/org/checkerframework/checker-compat-qual/2.0.0/checker-compat-qual-2.0.0.jar:/Users/tharanibabu/.m2/repository/com/google/errorprone/error_prone_annotations/2.1.3/error_prone_annotations-2.1.3.jar:/Users/tharanibabu/.m2/repository/com/google/j2objc/j2objc-annotations/1.1/j2objc-annotations-1.1.jar:/Users/tharanibabu/.m2/repository/org/codehaus/mojo/animal-sniffer-annotations/1.14/animal-sniffer-annotations-1.14.jar:/Users/tharanibabu/.m2/repository/com/squareup/okhttp3/okhttp/3.11.0/okhttp-3.11.0.jar:/Users/tharanibabu/.m2/repository/com/squareup/okio/okio/1.14.0/okio-1.14.0.jar:/Users/tharanibabu/.m2/repository/org/seleniumhq/selenium/selenium-api/3.141.59/selenium-api-3.141.59.jar:/Users/tharanibabu/.m2/repository/org/seleniumhq/selenium/selenium-firefox-driver/3.141.59/selenium-firefox-driver-3.141.59.jar:/Users/tharanibabu/.m2/repository/org/seleniumhq/selenium/selenium-chrome-driver/3.141.59/selenium-chrome-driver-3.141.59.jar:/Users/tharanibabu/.m2/repository/commons-io/commons-io/1.3.2/commons-io-1.3.2.jar:/Users/tharanibabu/.m2/repository/org/slf4j/slf4j-api/1.7.5/slf4j-api-1.7.5.jar:/Users/tharanibabu/.m2/repository/ch/qos/logback/logback-classic/1.0.13/logback-classic-1.0.13.jar:/Users/tharanibabu/.m2/repository/ch/qos/logback/logback-core/1.0.13/logback-core-1.0.13.jar:"/>
    <property name="java.vm.specification.version" value="1.8"/>
    <property name="sun.arch.data.model" value="64"/>
    <property name="java.home" value="/Library/Java/JavaVirtualMachines/jdk1.8.0_171.jdk/Contents/Home/jre"/>
    <property name="sun.java.command" value="/Users/tharanibabu/Desktop/Radha/GamesysFrontendTest/GamesysFrontendTest/target/surefire/surefirebooter3280141591241189278.jar /Users/tharanibabu/Desktop/Radha/GamesysFrontendTest/GamesysFrontendTest/target/surefire/surefire8317908722231433459tmp /Users/tharanibabu/Desktop/Radha/GamesysFrontendTest/GamesysFrontendTest/target/surefire/surefire4954158352076200044tmp"/>
    <property name="java.specification.vendor" value="Oracle Corporation"/>
    <property name="user.language" value="en"/>
    <property name="awt.toolkit" value="sun.lwawt.macosx.LWCToolkit"/>
    <property name="java.vm.info" value="mixed mode"/>
    <property name="java.version" value="1.8.0_171"/>
    <property name="java.ext.dirs" value="/Users/tharanibabu/Library/Java/Extensions:/Library/Java/JavaVirtualMachines/jdk1.8.0_171.jdk/Contents/Home/jre/lib/ext:/Library/Java/Extensions:/Network/Library/Java/Extensions:/System/Library/Java/Extensions:/usr/lib/java"/>
    <property name="sun.boot.class.path" value="/Library/Java/JavaVirtualMachines/jdk1.8.0_171.jdk/Contents/Home/jre/lib/resources.jar:/Library/Java/JavaVirtualMachines/jdk1.8.0_171.jdk/Contents/Home/jre/lib/rt.jar:/Library/Java/JavaVirtualMachines/jdk1.8.0_171.jdk/Contents/Home/jre/lib/sunrsasign.jar:/Library/Java/JavaVirtualMachines/jdk1.8.0_171.jdk/Contents/Home/jre/lib/jsse.jar:/Library/Java/JavaVirtualMachines/jdk1.8.0_171.jdk/Contents/Home/jre/lib/jce.jar:/Library/Java/JavaVirtualMachines/jdk1.8.0_171.jdk/Contents/Home/jre/lib/charsets.jar:/Library/Java/JavaVirtualMachines/jdk1.8.0_171.jdk/Contents/Home/jre/lib/jfr.jar:/Library/Java/JavaVirtualMachines/jdk1.8.0_171.jdk/Contents/Home/jre/classes"/>
    <property name="webdriver.chrome.driver" value="jars/chromedriver"/>
    <property name="java.vendor" value="Oracle Corporation"/>
    <property name="localRepository" value="/Users/tharanibabu/.m2/repository"/>
    <property name="file.separator" value="/"/>
    <property name="java.vendor.url.bug" value="http://bugreport.sun.com/bugreport/"/>
    <property name="sun.cpu.endian" value="little"/>
    <property name="sun.io.unicode.encoding" value="UnicodeBig"/>
    <property name="socksNonProxyHosts" value="local|*.local|169.254/16|*.169.254/16"/>
    <property name="ftp.nonProxyHosts" value="local|*.local|169.254/16|*.169.254/16"/>
    <property name="sun.cpu.isalist" value=""/>
  </properties>
  <testcase classname="Scenario: Verify Virgin Games login with in valid credentials" name="Given I have opened Virgin Games URL in browser" time="0.001"/>
  <testcase classname="Scenario: Verify Virgin Games login with in valid credentials" name="And I navigates the user login" time="0.003"/>
  <testcase classname="Scenario: Verify Virgin Games login with in valid credentials" name="When I enter invalid user credentials" time="0"/>
  <testcase classname="Scenario: Verify Virgin Games login with in valid credentials" name="Then I should be presented with login failed error message" time="0"/>
  <testcase classname="Scenario: Verify Virgin Games login with in valid credentials" name="Scenario: Verify Virgin Games login with in valid credentials" time="0.153"/>
  <testcase classname="Scenario: Verify Virgin Games login with valid credentials" name="Given I have opened Virgin Games URL in browser" time="0"/>
  <testcase classname="Scenario: Verify Virgin Games login with valid credentials" name="And I navigates the user login" time="0"/>
  <testcase classname="Scenario: Verify Virgin Games login with valid credentials" name="When I enter valid user credentials" time="0"/>
  <testcase classname="Scenario: Verify Virgin Games login with valid credentials" name="Then I should be successfully log in" time="0"/>
  <testcase classname="Scenario: Verify Virgin Games login with valid credentials" name="Scenario: Verify Virgin Games login with valid credentials" time="0.256"/>
</testsuite>